{
  "RSpec": {
    "coverage": {
      "/vagrant/waste-exemptions-front-office/app/helpers/application_helper.rb": [
        null,
        null,
        1,
        null
      ],
      "/vagrant/waste-exemptions-front-office/app/helpers/data_layer_helper.rb": [
        null,
        null,
        1,
        1,
        2,
        null,
        2,
        2,
        null,
        null,
        2,
        null,
        null,
        1,
        null,
        1,
        null,
        2,
        null,
        null,
        null,
        1,
        2,
        null,
        2,
        null,
        null,
        1,
        2,
        null,
        0,
        null,
        2,
        null,
        0,
        null,
        null,
        null,
        1,
        2,
        null,
        null
      ],
      "/vagrant/waste-exemptions-front-office/app/mailers/test_mailer.rb": [
        null,
        null,
        1,
        1,
        0,
        0,
        null,
        null,
        0,
        null,
        null,
        null,
        1,
        null,
        1,
        0,
        0,
        0,
        null,
        null
      ],
      "/vagrant/waste-exemptions-front-office/app/models/stats/assisted_registrations.rb": [
        null,
        null,
        1,
        1,
        1,
        3,
        3,
        null,
        null,
        1,
        null,
        1,
        6,
        null,
        0,
        null,
        null,
        1,
        0,
        null,
        null,
        null
      ],
      "/vagrant/waste-exemptions-front-office/app/models/stats/base_stat.rb": [
        null,
        null,
        1,
        1,
        1,
        null,
        1,
        11,
        11,
        11,
        null,
        null,
        1,
        null,
        0,
        null,
        null,
        null,
        null,
        1,
        null,
        1,
        0,
        null,
        null,
        1,
        null,
        null,
        11,
        null,
        1,
        1,
        null,
        null,
        1,
        1,
        null,
        null,
        null
      ],
      "/vagrant/waste-exemptions-front-office/app/models/stats/email_renewals.rb": [
        null,
        null,
        1,
        1,
        1,
        3,
        3,
        null,
        null,
        1,
        null,
        1,
        6,
        null,
        null,
        null
      ],
      "/vagrant/waste-exemptions-front-office/app/models/stats/new_registrations.rb": [
        null,
        null,
        1,
        1,
        1,
        5,
        5,
        null,
        null,
        1,
        null,
        1,
        10,
        null,
        null,
        null
      ],
      "/vagrant/waste-exemptions-front-office/app/models/stats/stats_formatter.rb": [
        null,
        null,
        1,
        1,
        1,
        null,
        3,
        3,
        null,
        null,
        1,
        3,
        3,
        3,
        null,
        null,
        3,
        null,
        null,
        null,
        null,
        null,
        null,
        null,
        null,
        1,
        null,
        1,
        6,
        6,
        null,
        6,
        null,
        null,
        null
      ],
      "/vagrant/waste-exemptions-front-office/app/controllers/stats_controller.rb": [
        null,
        null,
        1,
        null,
        null,
        null,
        null,
        null,
        null,
        null,
        null,
        1,
        2,
        null,
        2,
        null,
        null
      ],
      "/vagrant/waste-exemptions-front-office/app/controllers/application_controller.rb": [
        null,
        null,
        1,
        null,
        null,
        1,
        null,
        1,
        1,
        null
      ],
      "/vagrant/waste-exemptions-front-office/app/controllers/cookies_controller.rb": [
        null,
        null,
        1,
        1,
        0,
        0,
        null,
        null,
        1,
        1,
        1,
        null,
        null,
        1,
        0,
        0,
        null,
        null,
        1,
        null,
        null,
        2,
        3,
        null,
        null,
        2,
        1,
        null,
        1,
        null,
        2,
        null,
        2,
        null,
        null,
        1,
        null,
        1,
        5,
        null,
        null,
        null,
        null,
        null,
        null
      ]
    },
    "timestamp": 1660648648
  }
}
